TN:
SF:src/index.tsx
FNF:0
FNH:0
DA:6,0
LF:1
LH:0
BRF:0
BRH:0
end_of_record
TN:
SF:src/components/Calc/index.tsx
FN:7,Calc
FN:13,(anonymous_1)
FN:27,(anonymous_2)
FN:36,(anonymous_3)
FN:46,(anonymous_4)
FNF:5
FNH:5
FNDA:13,Calc
FNDA:8,(anonymous_1)
FNDA:2,(anonymous_2)
FNDA:1,(anonymous_3)
FNDA:2,(anonymous_4)
DA:8,13
DA:9,13
DA:10,13
DA:11,13
DA:13,13
DA:14,8
DA:19,13
DA:27,2
DA:36,1
DA:46,2
LF:10
LH:10
BRDA:14,0,0,7
BRDA:14,0,1,1
BRDA:35,1,0,11
BRDA:35,1,1,2
BRDA:36,2,0,1
BRDA:36,2,1,0
BRF:6
BRH:5
end_of_record
TN:
SF:src/pages/Home.tsx
FN:5,Home
FNF:1
FNH:1
FNDA:1,Home
DA:6,1
LF:1
LH:1
BRF:0
BRH:0
end_of_record
TN:
SF:src/utils/calc.ts
FN:1,add
FN:5,sub
FNF:2
FNH:2
FNDA:1,add
FNDA:1,sub
DA:2,1
DA:6,1
LF:2
LH:2
BRF:0
BRH:0
end_of_record
