TN:
SF:src/scripts/calc.js
FN:1,add
FN:5,sub
FNF:2
FNH:2
FNDA:2,add
FNDA:1,sub
DA:1,1
DA:2,2
DA:3,2
DA:4,1
DA:5,1
DA:6,1
DA:7,1
LF:7
LH:7
BRDA:1,0,0,2
BRDA:5,1,0,1
BRF:2
BRH:2
end_of_record
TN:
SF:src/scripts/index.js
FN:3,setOperatorSub
FN:7,setOperatorSum
FN:11,calcSum
FN:18,calcSub
FN:25,listenCalc
FN:32,listenOperator
FNF:6
FNH:6
FNDA:2,setOperatorSub
FNDA:1,setOperatorSum
FNDA:2,calcSum
FNDA:1,calcSub
FNDA:1,listenCalc
FNDA:1,listenOperator
DA:1,1
DA:2,1
DA:3,1
DA:4,2
DA:5,2
DA:6,1
DA:7,1
DA:8,1
DA:9,1
DA:10,1
DA:11,1
DA:12,2
DA:13,2
DA:14,2
DA:15,2
DA:16,2
DA:17,1
DA:18,1
DA:19,1
DA:20,1
DA:21,1
DA:22,1
DA:23,1
DA:24,1
DA:25,1
DA:26,1
DA:27,1
DA:28,1
DA:29,1
DA:30,1
DA:31,1
DA:32,1
DA:33,1
DA:34,1
DA:35,1
DA:36,1
DA:37,1
DA:38,1
DA:39,1
DA:40,0
DA:41,0
DA:42,0
LF:42
LH:39
BRDA:3,0,0,2
BRDA:7,1,0,1
BRDA:11,2,0,2
BRDA:18,3,0,1
BRDA:25,4,0,1
BRDA:26,5,0,1
BRDA:27,6,0,0
BRDA:32,7,0,1
BRDA:33,8,0,1
BRDA:34,9,0,0
BRF:10
BRH:8
end_of_record
