TN:
SF:src/scripts/calc.ts
FN:1,add
FN:5,sub
FNF:2
FNH:2
FNDA:6,add
FNDA:4,sub
DA:1,1
DA:2,6
DA:3,6
DA:4,1
DA:5,1
DA:6,4
DA:7,4
LF:7
LH:7
BRDA:1,0,0,6
BRDA:5,1,0,4
BRF:2
BRH:2
end_of_record
TN:
SF:src/scripts/index.ts
FN:3,setOperatorSub
FN:7,setOperatorSum
FN:11,calcSum
FN:18,calcSub
FN:25,listenCalc
FN:32,listenOperator
FNF:6
FNH:6
FNDA:4,setOperatorSub
FNDA:2,setOperatorSum
FNDA:4,calcSum
FNDA:2,calcSub
FNDA:2,listenCalc
FNDA:2,listenOperator
DA:1,1
DA:2,1
DA:3,1
DA:4,4
DA:5,4
DA:6,1
DA:7,1
DA:8,2
DA:9,2
DA:10,1
DA:11,1
DA:12,4
DA:13,4
DA:14,4
DA:15,4
DA:16,4
DA:17,1
DA:18,1
DA:19,2
DA:20,2
DA:21,2
DA:22,2
DA:23,2
DA:24,1
DA:25,1
DA:26,2
DA:27,2
DA:28,2
DA:29,2
DA:30,2
DA:31,1
DA:32,1
DA:33,2
DA:34,2
DA:35,2
DA:36,2
DA:37,2
DA:38,1
DA:39,1
DA:40,0
DA:41,0
DA:42,0
LF:42
LH:39
BRDA:3,0,0,4
BRDA:7,1,0,2
BRDA:11,2,0,4
BRDA:18,3,0,2
BRDA:25,4,0,2
BRDA:26,5,0,2
BRDA:27,6,0,0
BRDA:32,7,0,2
BRDA:33,8,0,2
BRDA:34,9,0,0
BRF:10
BRH:8
end_of_record
