<?xml version="1.0" encoding="UTF-8"?>
<coverage generated="1627946069104" clover="3.2.0">
  <project timestamp="1627946069104" name="All files">
    <metrics statements="14" coveredstatements="13" conditionals="6" coveredconditionals="5" methods="8" coveredmethods="8" elements="28" coveredelements="26" complexity="0" loc="14" ncloc="14" packages="4" files="4" classes="4"/>
    <package name="src">
      <metrics statements="1" coveredstatements="0" conditionals="0" coveredconditionals="0" methods="0" coveredmethods="0"/>
      <file name="index.jsx" path="/home/zau/Desktop/Projects/LEARN/HelloTests/JS/react_js/src/index.jsx">
        <metrics statements="1" coveredstatements="0" conditionals="0" coveredconditionals="0" methods="0" coveredmethods="0"/>
        <line num="6" count="0" type="stmt"/>
      </file>
    </package>
    <package name="src.components.Calc">
      <metrics statements="10" coveredstatements="10" conditionals="6" coveredconditionals="5" methods="5" coveredmethods="5"/>
      <file name="index.jsx" path="/home/zau/Desktop/Projects/LEARN/HelloTests/JS/react_js/src/components/Calc/index.jsx">
        <metrics statements="10" coveredstatements="10" conditionals="6" coveredconditionals="5" methods="5" coveredmethods="5"/>
        <line num="7" count="13" type="stmt"/>
        <line num="8" count="13" type="stmt"/>
        <line num="9" count="13" type="stmt"/>
        <line num="10" count="13" type="stmt"/>
        <line num="12" count="13" type="stmt"/>
        <line num="13" count="8" type="cond" truecount="2" falsecount="0"/>
        <line num="18" count="13" type="stmt"/>
        <line num="26" count="2" type="stmt"/>
        <line num="35" count="1" type="cond" truecount="1" falsecount="1"/>
        <line num="45" count="2" type="stmt"/>
      </file>
    </package>
    <package name="src.pages">
      <metrics statements="1" coveredstatements="1" conditionals="0" coveredconditionals="0" methods="1" coveredmethods="1"/>
      <file name="Home.jsx" path="/home/zau/Desktop/Projects/LEARN/HelloTests/JS/react_js/src/pages/Home.jsx">
        <metrics statements="1" coveredstatements="1" conditionals="0" coveredconditionals="0" methods="1" coveredmethods="1"/>
        <line num="6" count="1" type="stmt"/>
      </file>
    </package>
    <package name="src.utils">
      <metrics statements="2" coveredstatements="2" conditionals="0" coveredconditionals="0" methods="2" coveredmethods="2"/>
      <file name="calc.js" path="/home/zau/Desktop/Projects/LEARN/HelloTests/JS/react_js/src/utils/calc.js">
        <metrics statements="2" coveredstatements="2" conditionals="0" coveredconditionals="0" methods="2" coveredmethods="2"/>
        <line num="2" count="1" type="stmt"/>
        <line num="6" count="1" type="stmt"/>
      </file>
    </package>
  </project>
</coverage>
