{"/home/zau/Desktop/Projects/HelloTests/JS/react_js/src/App.js": {"path":"/home/zau/Desktop/Projects/HelloTests/JS/react_js/src/App.js","statementMap":{"0":{"start":{"line":5,"column":2},"end":{"line":22,"column":4}}},"fnMap":{"0":{"name":"App","decl":{"start":{"line":4,"column":9},"end":{"line":4,"column":12}},"loc":{"start":{"line":4,"column":15},"end":{"line":23,"column":1}},"line":4}},"branchMap":{},"s":{"0":1},"f":{"0":1},"b":{},"_coverageSchema":"1a1c01bbd47fc00a2c39e90264f33305004495a9","hash":"edb4fd1e448de0844a64d30cf1b724d4b1b57c24"}
,"/home/zau/Desktop/Projects/HelloTests/JS/react_js/src/index.js": {"path":"/home/zau/Desktop/Projects/HelloTests/JS/react_js/src/index.js","statementMap":{"0":{"start":{"line":6,"column":0},"end":{"line":11,"column":2}}},"fnMap":{},"branchMap":{},"s":{"0":0},"f":{},"b":{}}
}
