{"/home/zau/Desktop/Projects/LEARN/HelloTests/JS/react_js/src/index.jsx": {"path":"/home/zau/Desktop/Projects/LEARN/HelloTests/JS/react_js/src/index.jsx","statementMap":{"0":{"start":{"line":6,"column":0},"end":{"line":11,"column":2}}},"fnMap":{},"branchMap":{},"s":{"0":0},"f":{},"b":{}}
,"/home/zau/Desktop/Projects/LEARN/HelloTests/JS/react_js/src/components/Calc/index.jsx": {"path":"/home/zau/Desktop/Projects/LEARN/HelloTests/JS/react_js/src/components/Calc/index.jsx","statementMap":{"0":{"start":{"line":7,"column":40},"end":{"line":7,"column":51}},"1":{"start":{"line":8,"column":42},"end":{"line":8,"column":53}},"2":{"start":{"line":9,"column":36},"end":{"line":9,"column":49}},"3":{"start":{"line":10,"column":30},"end":{"line":10,"column":41}},"4":{"start":{"line":12,"column":2},"end":{"line":16,"column":45}},"5":{"start":{"line":13,"column":4},"end":{"line":15,"column":46}},"6":{"start":{"line":18,"column":2},"end":{"line":52,"column":4}},"7":{"start":{"line":26,"column":27},"end":{"line":26,"column":65}},"8":{"start":{"line":35,"column":25},"end":{"line":35,"column":68}},"9":{"start":{"line":45,"column":27},"end":{"line":45,"column":66}}},"fnMap":{"0":{"name":"Calc","decl":{"start":{"line":6,"column":9},"end":{"line":6,"column":13}},"loc":{"start":{"line":6,"column":16},"end":{"line":53,"column":1}},"line":6},"1":{"name":"(anonymous_1)","decl":{"start":{"line":12,"column":12},"end":{"line":12,"column":13}},"loc":{"start":{"line":12,"column":18},"end":{"line":16,"column":3}},"line":12},"2":{"name":"(anonymous_2)","decl":{"start":{"line":26,"column":20},"end":{"line":26,"column":21}},"loc":{"start":{"line":26,"column":27},"end":{"line":26,"column":65}},"line":26},"3":{"name":"(anonymous_3)","decl":{"start":{"line":35,"column":19},"end":{"line":35,"column":20}},"loc":{"start":{"line":35,"column":25},"end":{"line":35,"column":68}},"line":35},"4":{"name":"(anonymous_4)","decl":{"start":{"line":45,"column":20},"end":{"line":45,"column":21}},"loc":{"start":{"line":45,"column":27},"end":{"line":45,"column":66}},"line":45}},"branchMap":{"0":{"loc":{"start":{"line":13,"column":4},"end":{"line":15,"column":45}},"type":"cond-expr","locations":[{"start":{"line":14,"column":8},"end":{"line":14,"column":45}},{"start":{"line":15,"column":8},"end":{"line":15,"column":45}}],"line":13},"1":{"loc":{"start":{"line":34,"column":14},"end":{"line":34,"column":57}},"type":"cond-expr","locations":[{"start":{"line":34,"column":34},"end":{"line":34,"column":44}},{"start":{"line":34,"column":47},"end":{"line":34,"column":57}}],"line":34},"2":{"loc":{"start":{"line":35,"column":38},"end":{"line":35,"column":67}},"type":"cond-expr","locations":[{"start":{"line":35,"column":58},"end":{"line":35,"column":61}},{"start":{"line":35,"column":64},"end":{"line":35,"column":67}}],"line":35}},"s":{"0":13,"1":13,"2":13,"3":13,"4":13,"5":8,"6":13,"7":2,"8":1,"9":2},"f":{"0":13,"1":8,"2":2,"3":1,"4":2},"b":{"0":[7,1],"1":[11,2],"2":[1,0]},"_coverageSchema":"1a1c01bbd47fc00a2c39e90264f33305004495a9","hash":"6fd1a93297088a4ac3a5632836528bed9fd7d973"}
,"/home/zau/Desktop/Projects/LEARN/HelloTests/JS/react_js/src/pages/Home.jsx": {"path":"/home/zau/Desktop/Projects/LEARN/HelloTests/JS/react_js/src/pages/Home.jsx","statementMap":{"0":{"start":{"line":6,"column":2},"end":{"line":12,"column":4}}},"fnMap":{"0":{"name":"Home","decl":{"start":{"line":5,"column":9},"end":{"line":5,"column":13}},"loc":{"start":{"line":5,"column":16},"end":{"line":13,"column":1}},"line":5}},"branchMap":{},"s":{"0":1},"f":{"0":1},"b":{},"_coverageSchema":"1a1c01bbd47fc00a2c39e90264f33305004495a9","hash":"dbc03e85760c1d7d01ad1be87bdbfef398f5e516"}
,"/home/zau/Desktop/Projects/LEARN/HelloTests/JS/react_js/src/utils/calc.js": {"path":"/home/zau/Desktop/Projects/LEARN/HelloTests/JS/react_js/src/utils/calc.js","statementMap":{"0":{"start":{"line":2,"column":2},"end":{"line":2,"column":15}},"1":{"start":{"line":6,"column":2},"end":{"line":6,"column":15}}},"fnMap":{"0":{"name":"add","decl":{"start":{"line":1,"column":16},"end":{"line":1,"column":19}},"loc":{"start":{"line":1,"column":26},"end":{"line":3,"column":1}},"line":1},"1":{"name":"sub","decl":{"start":{"line":5,"column":16},"end":{"line":5,"column":19}},"loc":{"start":{"line":5,"column":26},"end":{"line":7,"column":1}},"line":5}},"branchMap":{},"s":{"0":1,"1":1},"f":{"0":1,"1":1},"b":{},"_coverageSchema":"1a1c01bbd47fc00a2c39e90264f33305004495a9","hash":"9ac509db3838194f086b121aad365a27d989fae4"}
}
