TN:
SF:src/index.jsx
FNF:0
FNH:0
DA:6,0
LF:1
LH:0
BRF:0
BRH:0
end_of_record
TN:
SF:src/components/Calc/index.jsx
FN:6,Calc
FN:12,(anonymous_1)
FN:26,(anonymous_2)
FN:35,(anonymous_3)
FN:45,(anonymous_4)
FNF:5
FNH:5
FNDA:13,Calc
FNDA:8,(anonymous_1)
FNDA:2,(anonymous_2)
FNDA:1,(anonymous_3)
FNDA:2,(anonymous_4)
DA:7,13
DA:8,13
DA:9,13
DA:10,13
DA:12,13
DA:13,8
DA:18,13
DA:26,2
DA:35,1
DA:45,2
LF:10
LH:10
BRDA:13,0,0,7
BRDA:13,0,1,1
BRDA:34,1,0,11
BRDA:34,1,1,2
BRDA:35,2,0,1
BRDA:35,2,1,0
BRF:6
BRH:5
end_of_record
TN:
SF:src/pages/Home.jsx
FN:5,Home
FNF:1
FNH:1
FNDA:1,Home
DA:6,1
LF:1
LH:1
BRF:0
BRH:0
end_of_record
TN:
SF:src/utils/calc.js
FN:1,add
FN:5,sub
FNF:2
FNH:2
FNDA:1,add
FNDA:1,sub
DA:2,1
DA:6,1
LF:2
LH:2
BRF:0
BRH:0
end_of_record
